<?xml version="1.0" encoding="UTF-8" ?>
<testsuite tests="84" failures="0" name="Locacao.services.LocacaoServiceTest" time="0.484" errors="0" skipped="6">
  <properties>
    <property name="idea.version" value="2020.2.3"/>
    <property name="java.runtime.name" value="Java(TM) SE Runtime Environment"/>
    <property name="java.vm.version" value="15.0.1+9-18"/>
    <property name="sun.boot.library.path" value="/Library/Java/JavaVirtualMachines/jdk-15.0.1.jdk/Contents/Home/lib"/>
    <property name="maven.multiModuleProjectDirectory" value="/Users/paulojeanalvesdasilva/Documents/Git/MiscellaneousStudies/BackEnd/Java/UnitTest"/>
    <property name="java.vm.vendor" value="Oracle Corporation"/>
    <property name="java.vendor.url" value="https://java.oracle.com/"/>
    <property name="guice.disable.misplaced.annotation.check" value="true"/>
    <property name="path.separator" value=":"/>
    <property name="java.vm.name" value="Java HotSpot(TM) 64-Bit Server VM"/>
    <property name="user.country" value="AU"/>
    <property name="sun.java.launcher" value="SUN_STANDARD"/>
    <property name="java.vm.specification.name" value="Java Virtual Machine Specification"/>
    <property name="user.dir" value="/Users/paulojeanalvesdasilva/Documents/Git/MiscellaneousStudies/BackEnd/Java/UnitTest"/>
    <property name="java.vm.compressedOopsMode" value="Zero based"/>
    <property name="java.runtime.version" value="15.0.1+9-18"/>
    <property name="os.arch" value="x86_64"/>
    <property name="java.io.tmpdir" value="/var/folders/5h/s7tly89s3sv316634kx_2nvr0000gn/T/"/>
    <property name="line.separator" value="
"/>
    <property name="java.vm.specification.vendor" value="Oracle Corporation"/>
    <property name="os.name" value="Mac OS X"/>
    <property name="maven.ext.class.path" value="/Applications/IntelliJ IDEA CE.app/Contents/plugins/maven/lib/maven-event-listener.jar"/>
    <property name="classworlds.conf" value="/Applications/IntelliJ IDEA CE.app/Contents/plugins/maven/lib/maven3/bin/m2.conf"/>
    <property name="sun.jnu.encoding" value="UTF-8"/>
    <property name="java.library.path" value="/Users/paulojeanalvesdasilva/Library/Java/Extensions:/Library/Java/Extensions:/Network/Library/Java/Extensions:/System/Library/Java/Extensions:/usr/lib/java:."/>
    <property name="maven.conf" value="/Applications/IntelliJ IDEA CE.app/Contents/plugins/maven/lib/maven3/conf"/>
    <property name="jdk.debug" value="release"/>
    <property name="java.class.version" value="59.0"/>
    <property name="java.specification.name" value="Java Platform API Specification"/>
    <property name="sun.management.compiler" value="HotSpot 64-Bit Tiered Compilers"/>
    <property name="os.version" value="10.16"/>
    <property name="http.nonProxyHosts" value="local|*.local|169.254/16|*.169.254/16"/>
    <property name="user.home" value="/Users/paulojeanalvesdasilva"/>
    <property name="user.timezone" value="America/Sao_Paulo"/>
    <property name="file.encoding" value="UTF-8"/>
    <property name="java.specification.version" value="15"/>
    <property name="user.name" value="paulojeanalvesdasilva"/>
    <property name="java.class.path" value="/Applications/IntelliJ IDEA CE.app/Contents/plugins/maven/lib/maven3/boot/plexus-classworlds.license:/Applications/IntelliJ IDEA CE.app/Contents/plugins/maven/lib/maven3/boot/plexus-classworlds-2.6.0.jar"/>
    <property name="java.vm.specification.version" value="15"/>
    <property name="sun.arch.data.model" value="64"/>
    <property name="sun.java.command" value="org.codehaus.classworlds.Launcher -Didea.version=2020.2.3 test"/>
    <property name="java.home" value="/Library/Java/JavaVirtualMachines/jdk-15.0.1.jdk/Contents/Home"/>
    <property name="user.language" value="en"/>
    <property name="java.specification.vendor" value="Oracle Corporation"/>
    <property name="java.vm.info" value="mixed mode, sharing"/>
    <property name="java.version" value="15.0.1"/>
    <property name="java.vendor" value="Oracle Corporation"/>
    <property name="maven.home" value="/Applications/IntelliJ IDEA CE.app/Contents/plugins/maven/lib/maven3"/>
    <property name="file.separator" value="/"/>
    <property name="java.version.date" value="2020-10-20"/>
    <property name="java.vendor.url.bug" value="https://bugreport.java.com/bugreport/"/>
    <property name="sun.io.unicode.encoding" value="UnicodeBig"/>
    <property name="sun.cpu.endian" value="little"/>
    <property name="socksNonProxyHosts" value="local|*.local|169.254/16|*.169.254/16"/>
    <property name="ftp.nonProxyHosts" value="local|*.local|169.254/16|*.169.254/16"/>
  </properties>
  <testcase classname="Locacao.services.LocacaoServiceTest" name="naoDeveAlugarFilmeParaUsuariosNegativados[Teste: [Descricao] Descricao 1]" time="0.166"/>
  <testcase classname="Locacao.services.LocacaoServiceTest" name="deveLocarcomPromocaoPara4Filmes[Teste: [Descricao] Descricao 1]" time="0.033"/>
  <testcase classname="Locacao.services.LocacaoServiceTest" name="deveAlugarFilmeParaUsuariosNaoNegativados[Teste: [Descricao] Descricao 1]" time="0.003"/>
  <testcase classname="Locacao.services.LocacaoServiceTest" name="deveLocarcomPromocaoPara5Filmes[Teste: [Descricao] Descricao 1]" time="0.005"/>
  <testcase classname="Locacao.services.LocacaoServiceTest" name="deveEnviarEmailParaLocacoesAtrasadas[Teste: [Descricao] Descricao 1]" time="0.003"/>
  <testcase classname="Locacao.services.LocacaoServiceTest" name="asserts[Teste: [Descricao] Descricao 1]" time="0.003"/>
  <testcase classname="Locacao.services.LocacaoServiceTest" name="testeLocacaoSemEstoqueNovaSemNomedoFilme[Teste: [Descricao] Descricao 1]" time="0.01"/>
  <testcase classname="Locacao.services.LocacaoServiceTest" name="testeLocacaoSemEstoqueRobustaSemNomeUsuario[Teste: [Descricao] Descricao 1]" time="0.005"/>
  <testcase classname="Locacao.services.LocacaoServiceTest" name="deveLocarcomPromocaoPara6Filmes[Teste: [Descricao] Descricao 1]" time="0.003"/>
  <testcase classname="Locacao.services.LocacaoServiceTest" name="testeLocacaoSemEstoqueElegante[Teste: [Descricao] Descricao 1]" time="0.003"/>
  <testcase classname="Locacao.services.LocacaoServiceTest" name="deveLocarcomPromocaoPara2Filmes[Teste: [Descricao] Descricao 1]" time="0.003"/>
  <testcase classname="Locacao.services.LocacaoServiceTest" name="deveDevolvoerNaSegundaAlugarnoSabado[Teste: [Descricao] Descricao 1]" time="0.004">
    <skipped/>
    <system-out>Antes do Metodo
11
depois do metodo
</system-out>
  </testcase>
  <testcase classname="Locacao.services.LocacaoServiceTest" name="deveLocarcomPromocaoPara3Filmes[Teste: [Descricao] Descricao 1]" time="0.002"/>
  <testcase classname="Locacao.services.LocacaoServiceTest" name="testeLocacaoErrorCollector[Teste: [Descricao] Descricao 1]" time="0.003"/>
  <testcase classname="Locacao.services.LocacaoServiceTest" name="naoDeveAlugarFilmeParaUsuariosNegativados[Teste: [Descricao] Descricao 2]" time="0.002"/>
  <testcase classname="Locacao.services.LocacaoServiceTest" name="deveLocarcomPromocaoPara4Filmes[Teste: [Descricao] Descricao 2]" time="0.003"/>
  <testcase classname="Locacao.services.LocacaoServiceTest" name="deveAlugarFilmeParaUsuariosNaoNegativados[Teste: [Descricao] Descricao 2]" time="0.002"/>
  <testcase classname="Locacao.services.LocacaoServiceTest" name="deveLocarcomPromocaoPara5Filmes[Teste: [Descricao] Descricao 2]" time="0.003"/>
  <testcase classname="Locacao.services.LocacaoServiceTest" name="deveEnviarEmailParaLocacoesAtrasadas[Teste: [Descricao] Descricao 2]" time="0.004"/>
  <testcase classname="Locacao.services.LocacaoServiceTest" name="asserts[Teste: [Descricao] Descricao 2]" time="0.007"/>
  <testcase classname="Locacao.services.LocacaoServiceTest" name="testeLocacaoSemEstoqueNovaSemNomedoFilme[Teste: [Descricao] Descricao 2]" time="0.003"/>
  <testcase classname="Locacao.services.LocacaoServiceTest" name="testeLocacaoSemEstoqueRobustaSemNomeUsuario[Teste: [Descricao] Descricao 2]" time="0.009"/>
  <testcase classname="Locacao.services.LocacaoServiceTest" name="deveLocarcomPromocaoPara6Filmes[Teste: [Descricao] Descricao 2]" time="0.004"/>
  <testcase classname="Locacao.services.LocacaoServiceTest" name="testeLocacaoSemEstoqueElegante[Teste: [Descricao] Descricao 2]" time="0.007"/>
  <testcase classname="Locacao.services.LocacaoServiceTest" name="deveLocarcomPromocaoPara2Filmes[Teste: [Descricao] Descricao 2]" time="0.006"/>
  <testcase classname="Locacao.services.LocacaoServiceTest" name="deveDevolvoerNaSegundaAlugarnoSabado[Teste: [Descricao] Descricao 2]" time="0.005">
    <skipped/>
    <system-out>Antes do Metodo
25
depois do metodo
</system-out>
  </testcase>
  <testcase classname="Locacao.services.LocacaoServiceTest" name="deveLocarcomPromocaoPara3Filmes[Teste: [Descricao] Descricao 2]" time="0"/>
  <testcase classname="Locacao.services.LocacaoServiceTest" name="testeLocacaoErrorCollector[Teste: [Descricao] Descricao 2]" time="0"/>
  <testcase classname="Locacao.services.LocacaoServiceTest" name="naoDeveAlugarFilmeParaUsuariosNegativados[Teste: [Descricao] Descricao 3]" time="0"/>
  <testcase classname="Locacao.services.LocacaoServiceTest" name="deveLocarcomPromocaoPara4Filmes[Teste: [Descricao] Descricao 3]" time="0.011"/>
  <testcase classname="Locacao.services.LocacaoServiceTest" name="deveAlugarFilmeParaUsuariosNaoNegativados[Teste: [Descricao] Descricao 3]" time="0.004"/>
  <testcase classname="Locacao.services.LocacaoServiceTest" name="deveLocarcomPromocaoPara5Filmes[Teste: [Descricao] Descricao 3]" time="0.005"/>
  <testcase classname="Locacao.services.LocacaoServiceTest" name="deveEnviarEmailParaLocacoesAtrasadas[Teste: [Descricao] Descricao 3]" time="0"/>
  <testcase classname="Locacao.services.LocacaoServiceTest" name="asserts[Teste: [Descricao] Descricao 3]" time="0.007"/>
  <testcase classname="Locacao.services.LocacaoServiceTest" name="testeLocacaoSemEstoqueNovaSemNomedoFilme[Teste: [Descricao] Descricao 3]" time="0"/>
  <testcase classname="Locacao.services.LocacaoServiceTest" name="testeLocacaoSemEstoqueRobustaSemNomeUsuario[Teste: [Descricao] Descricao 3]" time="0"/>
  <testcase classname="Locacao.services.LocacaoServiceTest" name="deveLocarcomPromocaoPara6Filmes[Teste: [Descricao] Descricao 3]" time="0.006"/>
  <testcase classname="Locacao.services.LocacaoServiceTest" name="testeLocacaoSemEstoqueElegante[Teste: [Descricao] Descricao 3]" time="0.006"/>
  <testcase classname="Locacao.services.LocacaoServiceTest" name="deveLocarcomPromocaoPara2Filmes[Teste: [Descricao] Descricao 3]" time="0.006"/>
  <testcase classname="Locacao.services.LocacaoServiceTest" name="deveDevolvoerNaSegundaAlugarnoSabado[Teste: [Descricao] Descricao 3]" time="0.001">
    <skipped/>
    <system-out>Antes do Metodo
39
depois do metodo
</system-out>
  </testcase>
  <testcase classname="Locacao.services.LocacaoServiceTest" name="deveLocarcomPromocaoPara3Filmes[Teste: [Descricao] Descricao 3]" time="0.002"/>
  <testcase classname="Locacao.services.LocacaoServiceTest" name="testeLocacaoErrorCollector[Teste: [Descricao] Descricao 3]" time="0.005"/>
  <testcase classname="Locacao.services.LocacaoServiceTest" name="naoDeveAlugarFilmeParaUsuariosNegativados[Teste: [Descricao] Descricao 4]" time="0.005"/>
  <testcase classname="Locacao.services.LocacaoServiceTest" name="deveLocarcomPromocaoPara4Filmes[Teste: [Descricao] Descricao 4]" time="0.001"/>
  <testcase classname="Locacao.services.LocacaoServiceTest" name="deveAlugarFilmeParaUsuariosNaoNegativados[Teste: [Descricao] Descricao 4]" time="0"/>
  <testcase classname="Locacao.services.LocacaoServiceTest" name="deveLocarcomPromocaoPara5Filmes[Teste: [Descricao] Descricao 4]" time="0.006"/>
  <testcase classname="Locacao.services.LocacaoServiceTest" name="deveEnviarEmailParaLocacoesAtrasadas[Teste: [Descricao] Descricao 4]" time="0"/>
  <testcase classname="Locacao.services.LocacaoServiceTest" name="asserts[Teste: [Descricao] Descricao 4]" time="0.001"/>
  <testcase classname="Locacao.services.LocacaoServiceTest" name="testeLocacaoSemEstoqueNovaSemNomedoFilme[Teste: [Descricao] Descricao 4]" time="0.002"/>
  <testcase classname="Locacao.services.LocacaoServiceTest" name="testeLocacaoSemEstoqueRobustaSemNomeUsuario[Teste: [Descricao] Descricao 4]" time="0.001"/>
  <testcase classname="Locacao.services.LocacaoServiceTest" name="deveLocarcomPromocaoPara6Filmes[Teste: [Descricao] Descricao 4]" time="0.002"/>
  <testcase classname="Locacao.services.LocacaoServiceTest" name="testeLocacaoSemEstoqueElegante[Teste: [Descricao] Descricao 4]" time="0.001"/>
  <testcase classname="Locacao.services.LocacaoServiceTest" name="deveLocarcomPromocaoPara2Filmes[Teste: [Descricao] Descricao 4]" time="0"/>
  <testcase classname="Locacao.services.LocacaoServiceTest" name="deveDevolvoerNaSegundaAlugarnoSabado[Teste: [Descricao] Descricao 4]" time="0">
    <skipped/>
    <system-out>Antes do Metodo
53
depois do metodo
</system-out>
  </testcase>
  <testcase classname="Locacao.services.LocacaoServiceTest" name="deveLocarcomPromocaoPara3Filmes[Teste: [Descricao] Descricao 4]" time="0.001"/>
  <testcase classname="Locacao.services.LocacaoServiceTest" name="testeLocacaoErrorCollector[Teste: [Descricao] Descricao 4]" time="0.001"/>
  <testcase classname="Locacao.services.LocacaoServiceTest" name="naoDeveAlugarFilmeParaUsuariosNegativados[Teste: [Descricao] Descricao 5]" time="0.002"/>
  <testcase classname="Locacao.services.LocacaoServiceTest" name="deveLocarcomPromocaoPara4Filmes[Teste: [Descricao] Descricao 5]" time="0.003"/>
  <testcase classname="Locacao.services.LocacaoServiceTest" name="deveAlugarFilmeParaUsuariosNaoNegativados[Teste: [Descricao] Descricao 5]" time="0.002"/>
  <testcase classname="Locacao.services.LocacaoServiceTest" name="deveLocarcomPromocaoPara5Filmes[Teste: [Descricao] Descricao 5]" time="0.003"/>
  <testcase classname="Locacao.services.LocacaoServiceTest" name="deveEnviarEmailParaLocacoesAtrasadas[Teste: [Descricao] Descricao 5]" time="0.002"/>
  <testcase classname="Locacao.services.LocacaoServiceTest" name="asserts[Teste: [Descricao] Descricao 5]" time="0.002"/>
  <testcase classname="Locacao.services.LocacaoServiceTest" name="testeLocacaoSemEstoqueNovaSemNomedoFilme[Teste: [Descricao] Descricao 5]" time="0.003"/>
  <testcase classname="Locacao.services.LocacaoServiceTest" name="testeLocacaoSemEstoqueRobustaSemNomeUsuario[Teste: [Descricao] Descricao 5]" time="0.003"/>
  <testcase classname="Locacao.services.LocacaoServiceTest" name="deveLocarcomPromocaoPara6Filmes[Teste: [Descricao] Descricao 5]" time="0.003"/>
  <testcase classname="Locacao.services.LocacaoServiceTest" name="testeLocacaoSemEstoqueElegante[Teste: [Descricao] Descricao 5]" time="0.005"/>
  <testcase classname="Locacao.services.LocacaoServiceTest" name="deveLocarcomPromocaoPara2Filmes[Teste: [Descricao] Descricao 5]" time="0.003"/>
  <testcase classname="Locacao.services.LocacaoServiceTest" name="deveDevolvoerNaSegundaAlugarnoSabado[Teste: [Descricao] Descricao 5]" time="0.001">
    <skipped/>
    <system-out>Antes do Metodo
67
depois do metodo
</system-out>
  </testcase>
  <testcase classname="Locacao.services.LocacaoServiceTest" name="deveLocarcomPromocaoPara3Filmes[Teste: [Descricao] Descricao 5]" time="0.002"/>
  <testcase classname="Locacao.services.LocacaoServiceTest" name="testeLocacaoErrorCollector[Teste: [Descricao] Descricao 5]" time="0.002"/>
  <testcase classname="Locacao.services.LocacaoServiceTest" name="naoDeveAlugarFilmeParaUsuariosNegativados[Teste: [Descricao] Descricao 6]" time="0.004"/>
  <testcase classname="Locacao.services.LocacaoServiceTest" name="deveLocarcomPromocaoPara4Filmes[Teste: [Descricao] Descricao 6]" time="0.002"/>
  <testcase classname="Locacao.services.LocacaoServiceTest" name="deveAlugarFilmeParaUsuariosNaoNegativados[Teste: [Descricao] Descricao 6]" time="0.002"/>
  <testcase classname="Locacao.services.LocacaoServiceTest" name="deveLocarcomPromocaoPara5Filmes[Teste: [Descricao] Descricao 6]" time="0.008"/>
  <testcase classname="Locacao.services.LocacaoServiceTest" name="deveEnviarEmailParaLocacoesAtrasadas[Teste: [Descricao] Descricao 6]" time="0.005"/>
  <testcase classname="Locacao.services.LocacaoServiceTest" name="asserts[Teste: [Descricao] Descricao 6]" time="0.007"/>
  <testcase classname="Locacao.services.LocacaoServiceTest" name="testeLocacaoSemEstoqueNovaSemNomedoFilme[Teste: [Descricao] Descricao 6]" time="0.003"/>
  <testcase classname="Locacao.services.LocacaoServiceTest" name="testeLocacaoSemEstoqueRobustaSemNomeUsuario[Teste: [Descricao] Descricao 6]" time="0.003"/>
  <testcase classname="Locacao.services.LocacaoServiceTest" name="deveLocarcomPromocaoPara6Filmes[Teste: [Descricao] Descricao 6]" time="0.002"/>
  <testcase classname="Locacao.services.LocacaoServiceTest" name="testeLocacaoSemEstoqueElegante[Teste: [Descricao] Descricao 6]" time="0.002"/>
  <testcase classname="Locacao.services.LocacaoServiceTest" name="deveLocarcomPromocaoPara2Filmes[Teste: [Descricao] Descricao 6]" time="0.01"/>
  <testcase classname="Locacao.services.LocacaoServiceTest" name="deveDevolvoerNaSegundaAlugarnoSabado[Teste: [Descricao] Descricao 6]" time="0.008">
    <skipped/>
    <system-out>Antes do Metodo
81
depois do metodo
</system-out>
  </testcase>
  <testcase classname="Locacao.services.LocacaoServiceTest" name="deveLocarcomPromocaoPara3Filmes[Teste: [Descricao] Descricao 6]" time="0.012"/>
  <testcase classname="Locacao.services.LocacaoServiceTest" name="testeLocacaoErrorCollector[Teste: [Descricao] Descricao 6]" time="0.005"/>
</testsuite>